0 info it worked if it ends with ok
1 verbose cli [ '/usr/bin/node', '/usr/bin/npm', 'start' ]
2 info using npm@3.8.5
3 info using node@v5.10.1
4 verbose run-script [ 'prestart', 'start', 'poststart' ]
5 info lifecycle oauth@1.0.0~prestart: oauth@1.0.0
6 silly lifecycle oauth@1.0.0~prestart: no script for prestart, continuing
7 info lifecycle oauth@1.0.0~start: oauth@1.0.0
8 verbose lifecycle oauth@1.0.0~start: unsafe-perm in lifecycle true
9 verbose lifecycle oauth@1.0.0~start: PATH: /usr/lib/node_modules/npm/bin/node-gyp-bin:/home/w4rlock/codes/rockboxweb/js-oauth2-redis/node_modules/.bin:/usr/bin:/opt/local/bin:/home/w4rlock/.node/bin/:/home/w4rlock/.npm/bin/:/home/w4rlock/.npm/:/home/w4rlock/bin:/usr/local/bin:/usr/local/sbin:/usr/local/bin:/usr/bin:/usr/lib/jvm/default/bin:/usr/bin/site_perl:/usr/bin/vendor_perl:/usr/bin/core_perl
10 verbose lifecycle oauth@1.0.0~start: CWD: /home/w4rlock/codes/rockboxweb/js-oauth2-redis
11 silly lifecycle oauth@1.0.0~start: Args: [ '-c', 'forever index.js' ]
12 info lifecycle oauth@1.0.0~start: Failed to exec start script
13 verbose stack Error: oauth@1.0.0 start: `forever index.js`
13 verbose stack spawn ENOENT
13 verbose stack     at ChildProcess.<anonymous> (/usr/lib/node_modules/npm/lib/utils/spawn.js:17:16)
13 verbose stack     at emitTwo (events.js:100:13)
13 verbose stack     at ChildProcess.emit (events.js:185:7)
13 verbose stack     at maybeClose (internal/child_process.js:850:16)
13 verbose stack     at Process.ChildProcess._handle.onexit (internal/child_process.js:215:5)
14 verbose pkgid oauth@1.0.0
15 verbose cwd /home/w4rlock/codes/rockboxweb/js-oauth2-redis
16 error Linux 4.4.5-1-ARCH
17 error argv "/usr/bin/node" "/usr/bin/npm" "start"
18 error node v5.10.1
19 error npm  v3.8.5
20 error file sh
21 error code ELIFECYCLE
22 error errno ENOENT
23 error syscall spawn
24 error oauth@1.0.0 start: `forever index.js`
24 error spawn ENOENT
25 error Failed at the oauth@1.0.0 start script 'forever index.js'.
25 error Make sure you have the latest version of node.js and npm installed.
25 error If you do, this is most likely a problem with the oauth package,
25 error not with npm itself.
25 error Tell the author that this fails on your system:
25 error     forever index.js
25 error You can get information on how to open an issue for this project with:
25 error     npm bugs oauth
25 error Or if that isn't available, you can get their info via:
25 error     npm owner ls oauth
25 error There is likely additional logging output above.
26 verbose exit [ 1, true ]
