0 info it worked if it ends with ok
1 verbose cli [ '/usr/bin/node', '/usr/bin/npm', 'run', 'dev' ]
2 info using npm@3.8.5
3 info using node@v5.10.1
4 verbose run-script [ 'predev', 'dev', 'postdev' ]
5 info lifecycle public@~predev: public@
6 silly lifecycle public@~predev: no script for predev, continuing
7 info lifecycle public@~dev: public@
8 verbose lifecycle public@~dev: unsafe-perm in lifecycle true
9 verbose lifecycle public@~dev: PATH: /usr/lib/node_modules/npm/bin/node-gyp-bin:/home/w4rlock/codes/rockboxweb/js-oauth2-redis/public/node_modules/.bin:/usr/bin:/opt/local/bin:/home/w4rlock/.node/bin/:/home/w4rlock/.npm/bin/:/home/w4rlock/.npm/:/home/w4rlock/bin:/usr/local/bin:/usr/local/sbin:/usr/local/bin:/usr/bin:/usr/lib/jvm/default/bin:/usr/bin/site_perl:/usr/bin/vendor_perl:/usr/bin/core_perl
10 verbose lifecycle public@~dev: CWD: /home/w4rlock/codes/rockboxweb/js-oauth2-redis/public
11 silly lifecycle public@~dev: Args: [ '-c', 'npm-run-all --parallel watchify serve' ]
12 silly lifecycle public@~dev: Returned: code: 1  signal: null
13 info lifecycle public@~dev: Failed to exec dev script
14 verbose stack Error: public@ dev: `npm-run-all --parallel watchify serve`
14 verbose stack Exit status 1
14 verbose stack     at EventEmitter.<anonymous> (/usr/lib/node_modules/npm/lib/utils/lifecycle.js:239:16)
14 verbose stack     at emitTwo (events.js:100:13)
14 verbose stack     at EventEmitter.emit (events.js:185:7)
14 verbose stack     at ChildProcess.<anonymous> (/usr/lib/node_modules/npm/lib/utils/spawn.js:24:14)
14 verbose stack     at emitTwo (events.js:100:13)
14 verbose stack     at ChildProcess.emit (events.js:185:7)
14 verbose stack     at maybeClose (internal/child_process.js:850:16)
14 verbose stack     at Process.ChildProcess._handle.onexit (internal/child_process.js:215:5)
15 verbose pkgid public@
16 verbose cwd /home/w4rlock/codes/rockboxweb/js-oauth2-redis/public
17 error Linux 4.4.5-1-ARCH
18 error argv "/usr/bin/node" "/usr/bin/npm" "run" "dev"
19 error node v5.10.1
20 error npm  v3.8.5
21 error code ELIFECYCLE
22 error public@ dev: `npm-run-all --parallel watchify serve`
22 error Exit status 1
23 error Failed at the public@ dev script 'npm-run-all --parallel watchify serve'.
23 error Make sure you have the latest version of node.js and npm installed.
23 error If you do, this is most likely a problem with the public package,
23 error not with npm itself.
23 error Tell the author that this fails on your system:
23 error     npm-run-all --parallel watchify serve
23 error You can get information on how to open an issue for this project with:
23 error     npm bugs public
23 error Or if that isn't available, you can get their info via:
23 error     npm owner ls public
23 error There is likely additional logging output above.
24 verbose exit [ 1, true ]
